<?xml version="1.0" encoding="UTF-8"?>
<!-- Generated by org.testng.reporters.JUnitXMLReporter -->
<testsuite ignored="0" hostname="DESKTOP-H4ORJ48" failures="0" tests="2" name="fbhome_restart Chrome browser" time="70.269" errors="0" timestamp="2023-08-19T23:06:15 SGT">
  <testcase classname="batch7testNGproject1.testNGproject1.NewTestdp" name="f" time="10.286"/>
  <testcase classname="batch7testNGproject1.testNGproject1.NewTestdp" name="f" time="10.216"/>
</testsuite> <!-- fbhome_restart Chrome browser -->
