<?xml version="1.0" encoding="UTF-8"?>
<!-- Generated by org.testng.reporters.JUnitXMLReporter -->
<testsuite ignored="0" hostname="DESKTOP-H4ORJ48" failures="0" tests="2" name="fbhome_restart browser" time="159.912" errors="0" timestamp="2023-08-13T23:35:08 SGT">
  <testcase classname="batch7testNGproject1.testNGproject1.NewTest" name="fbtestcase1" time="12.855"/>
  <testcase classname="batch7testNGproject1.testNGproject1.NewTest" name="fbtestcase2" time="11.435"/>
</testsuite> <!-- fbhome_restart browser -->
