<?xml version="1.0" encoding="UTF-8"?>
<testng-results ignored="0" total="2" passed="2" failed="0" skipped="0">
  <reporter-output>
  </reporter-output>
  <suite started-at="2023-08-19T23:05:05 SGT" name="regression" finished-at="2023-08-19T23:06:15 SGT" duration-ms="70269">
    <groups>
    </groups>
    <test started-at="2023-08-19T23:05:05 SGT" name="fbhome_restart Chrome browser" finished-at="2023-08-19T23:06:15 SGT" duration-ms="70269">
      <class name="batch7testNGproject1.testNGproject1.NewTestdp">
        <test-method is-config="true" signature="beforeTest(java.lang.String)[pri:0, instance:batch7testNGproject1.testNGproject1.NewTestdp@131774fe]" started-at="2023-08-19T23:05:05 SGT" name="beforeTest" finished-at="2023-08-19T23:05:20 SGT" duration-ms="14530" status="PASS">
          <params>
            <param index="0">
              <value>
                <![CDATA[Chrome]]>
              </value>
            </param>
          </params>
          <reporter-output>
          </reporter-output>
        </test-method> <!-- beforeTest -->
        <test-method signature="f(java.lang.String,java.lang.String)[pri:0, instance:batch7testNGproject1.testNGproject1.NewTestdp@131774fe]" started-at="2023-08-19T23:05:20 SGT" name="f" data-provider="dp" finished-at="2023-08-19T23:05:30 SGT" duration-ms="10286" status="PASS">
          <params>
            <param index="0">
              <value>
                <![CDATA[abc]]>
              </value>
            </param>
            <param index="1">
              <value>
                <![CDATA[a]]>
              </value>
            </param>
          </params>
          <reporter-output>
          </reporter-output>
        </test-method> <!-- f -->
        <test-method is-config="true" signature="afterTest()[pri:0, instance:batch7testNGproject1.testNGproject1.NewTestdp@131774fe]" started-at="2023-08-19T23:05:30 SGT" name="afterTest" finished-at="2023-08-19T23:05:30 SGT" duration-ms="338" status="PASS">
          <reporter-output>
          </reporter-output>
        </test-method> <!-- afterTest -->
        <test-method is-config="true" signature="beforeTest(java.lang.String)[pri:0, instance:batch7testNGproject1.testNGproject1.NewTestdp@131774fe]" started-at="2023-08-19T23:05:30 SGT" name="beforeTest" finished-at="2023-08-19T23:06:04 SGT" duration-ms="33603" status="PASS">
          <params>
            <param index="0">
              <value>
                <![CDATA[Chrome]]>
              </value>
            </param>
          </params>
          <reporter-output>
          </reporter-output>
        </test-method> <!-- beforeTest -->
        <test-method signature="f(java.lang.String,java.lang.String)[pri:0, instance:batch7testNGproject1.testNGproject1.NewTestdp@131774fe]" started-at="2023-08-19T23:06:04 SGT" name="f" data-provider="dp" finished-at="2023-08-19T23:06:14 SGT" duration-ms="10216" status="PASS">
          <params>
            <param index="0">
              <value>
                <![CDATA[def]]>
              </value>
            </param>
            <param index="1">
              <value>
                <![CDATA[b]]>
              </value>
            </param>
          </params>
          <reporter-output>
          </reporter-output>
        </test-method> <!-- f -->
        <test-method is-config="true" signature="afterTest()[pri:0, instance:batch7testNGproject1.testNGproject1.NewTestdp@131774fe]" started-at="2023-08-19T23:06:14 SGT" name="afterTest" finished-at="2023-08-19T23:06:15 SGT" duration-ms="1206" status="PASS">
          <reporter-output>
          </reporter-output>
        </test-method> <!-- afterTest -->
      </class> <!-- batch7testNGproject1.testNGproject1.NewTestdp -->
    </test> <!-- fbhome_restart Chrome browser -->
  </suite> <!-- regression -->
</testng-results>
